Command line invocation:
    /Applications/Xcode.app/Contents/Developer/usr/bin/xcodebuild -project LocationNewsSNS.xcodeproj -scheme LocationNewsSNS -destination "platform=iOS Simulator,name=iPhone 15,OS=latest" clean build

Resolve Package Graph


Resolved source packages:
  swift-http-types: https://github.com/apple/swift-http-types.git @ 1.4.0
  swift-clocks: https://github.com/pointfreeco/swift-clocks @ 1.0.6
  xctest-dynamic-overlay: https://github.com/pointfreeco/xctest-dynamic-overlay @ 1.7.0
  swift-concurrency-extras: https://github.com/pointfreeco/swift-concurrency-extras @ 1.3.2
  swift-asn1: https://github.com/apple/swift-asn1.git @ 1.4.0
  Supabase: https://github.com/supabase/supabase-swift @ 2.34.0
  swift-crypto: https://github.com/apple/swift-crypto.git @ 3.15.1

2025-10-12 17:09:39.757 xcodebuild[41635:18591837] [MT] IDERunDestination: Supported platforms for the buildables in the current scheme is empty.
2025-10-12 17:10:39.978 xcodebuild[41635:18591837] Writing error result bundle to /var/folders/0b/n81zyfnd7253wxb5xksv5_g00000gr/T/ResultBundle_2025-12-10_17-10-0039.xcresult
xcodebuild: error: Unable to find a device matching the provided destination specifier:
		{ platform:iOS Simulator, OS:latest, name:iPhone 15 }

	The requested device could not be found because no available devices matched the request.

	Available destinations for the "LocationNewsSNS" scheme:
		{ platform:macOS, arch:arm64, variant:Designed for [iPad,iPhone], id:00006040-001268693C20801C, name:My Mac }
		{ platform:iOS, arch:arm64, id:00008110-000431340A12801E, name:かや }
		{ platform:iOS, id:dvtdevice-DVTiPhonePlaceholder-iphoneos:placeholder, name:Any iOS Device }
		{ platform:iOS Simulator, id:dvtdevice-DVTiOSDeviceSimulatorPlaceholder-iphonesimulator:placeholder, name:Any iOS Simulator Device }
		{ platform:iOS Simulator, arch:arm64, id:D44935CF-1413-47F3-B823-6DA44F160F32, OS:26.0, name:iPad (A16) }
		{ platform:iOS Simulator, arch:arm64, id:0336292B-5137-46F9-91F3-1ED4305CB1DB, OS:26.0, name:iPad Air 11-inch (M3) }
		{ platform:iOS Simulator, arch:arm64, id:750CCB81-2A47-469C-9770-253F644A469A, OS:26.0, name:iPad Air 13-inch (M3) }
		{ platform:iOS Simulator, arch:arm64, id:F946544B-39AB-4AFD-8FAD-8A4D7E3A176F, OS:26.0, name:iPad Pro 11-inch (M4) }
		{ platform:iOS Simulator, arch:arm64, id:97C14C66-F249-4F53-8883-D74487A2E1FE, OS:26.0, name:iPad Pro 13-inch (M4) }
		{ platform:iOS Simulator, arch:arm64, id:AF7ADCA1-F35C-449E-8977-9374E5776EBC, OS:26.0, name:iPad mini (A17 Pro) }
		{ platform:iOS Simulator, arch:arm64, id:25AE955D-5CEB-45AC-80D8-B609F56AE61E, OS:26.0, name:iPhone 16e }
		{ platform:iOS Simulator, arch:arm64, id:A57B0BBA-CFB8-4CA5-BC6B-514220EB48B2, OS:26.0, name:iPhone 17 }
		{ platform:iOS Simulator, arch:arm64, id:A56AF98B-E982-4F4A-BCB0-03371A8BA18E, OS:26.0, name:iPhone 17 Pro }
		{ platform:iOS Simulator, arch:arm64, id:F3DB3673-02D3-4082-BA13-71ADD091209F, OS:26.0, name:iPhone 17 Pro Max }
		{ platform:iOS Simulator, arch:arm64, id:E4969E3C-3E0B-4771-A124-D10C980E44FC, OS:26.0, name:iPhone Air }

	Ineligible destinations for the "LocationNewsSNS" scheme:
		{ platform:iOS, id:00008110-000431340A12801E, name:かや, error:かや’s iOS 16.6 doesn’t match LocationNewsSNS.app’s iOS 18.0 deployment target. Upgrade かや’s iOS version or lower LocationNewsSNS.app’s deployment target. }
		{ platform:iOS, id:00008027-000C30A43A6A402E, name:ゆうき, error:ゆうき’s iOS 16.1.1 doesn’t match LocationNewsSNS.app’s iOS 18.0 deployment target. Upgrade ゆうき’s iOS version or lower LocationNewsSNS.app’s deployment target. }
