Command line invocation:
    /Applications/Xcode.app/Contents/Developer/usr/bin/xcodebuild -project LocationNewsSNS.xcodeproj -scheme LocationNewsSNS -sdk iphonesimulator -destination "platform=iOS Simulator,name=iPhone 17" build

Build settings from command line:
    SDKROOT = iphonesimulator26.0

Resolve Package Graph


Resolved source packages:
  swift-crypto: https://github.com/apple/swift-crypto.git @ 3.15.1
  swift-http-types: https://github.com/apple/swift-http-types.git @ 1.4.0
  swift-concurrency-extras: https://github.com/pointfreeco/swift-concurrency-extras @ 1.3.2
  Supabase: https://github.com/supabase/supabase-swift @ 2.34.0
  xctest-dynamic-overlay: https://github.com/pointfreeco/xctest-dynamic-overlay @ 1.7.0
  swift-clocks: https://github.com/pointfreeco/swift-clocks @ 1.0.6
  swift-asn1: https://github.com/apple/swift-asn1.git @ 1.4.0

2025-10-12 13:27:21.447 xcodebuild[27986:18002210] [MT] IDERunDestination: Supported platforms for the buildables in the current scheme is empty.
ComputePackagePrebuildTargetDependencyGraph

Prepare packages

CreateBuildRequest

SendProjectDescription

CreateBuildOperation

ComputeTargetDependencyGraph
note: Building targets in dependency order
note: Target dependency graph (23 targets)
    Target 'LocationNewsSNS' in project 'LocationNewsSNS'
        ➜ Explicit dependency on target 'Supabase' in project 'Supabase'
    Target 'Supabase' in project 'Supabase'
        ➜ Explicit dependency on target 'Supabase' in project 'Supabase'
        ➜ Explicit dependency on target 'Functions' in project 'Supabase'
        ➜ Explicit dependency on target 'PostgREST' in project 'Supabase'
        ➜ Explicit dependency on target 'Auth' in project 'Supabase'
        ➜ Explicit dependency on target 'Realtime' in project 'Supabase'
        ➜ Explicit dependency on target 'Storage' in project 'Supabase'
        ➜ Explicit dependency on target 'Helpers' in project 'Supabase'
        ➜ Explicit dependency on target 'ConcurrencyExtras' in project 'swift-concurrency-extras'
        ➜ Explicit dependency on target 'HTTPTypes' in project 'swift-http-types'
        ➜ Explicit dependency on target 'Clocks' in project 'swift-clocks'
        ➜ Explicit dependency on target 'XCTestDynamicOverlay' in project 'xctest-dynamic-overlay'
        ➜ Explicit dependency on target 'Crypto' in project 'swift-crypto'
        ➜ Explicit dependency on target 'IssueReporting' in project 'xctest-dynamic-overlay'
    Target 'Supabase' in project 'Supabase'
        ➜ Explicit dependency on target 'Helpers' in project 'Supabase'
        ➜ Explicit dependency on target 'Auth' in project 'Supabase'
        ➜ Explicit dependency on target 'Functions' in project 'Supabase'
        ➜ Explicit dependency on target 'PostgREST' in project 'Supabase'
        ➜ Explicit dependency on target 'Realtime' in project 'Supabase'
        ➜ Explicit dependency on target 'Storage' in project 'Supabase'
        ➜ Explicit dependency on target 'ConcurrencyExtras' in project 'swift-concurrency-extras'
        ➜ Explicit dependency on target 'HTTPTypes' in project 'swift-http-types'
        ➜ Explicit dependency on target 'Clocks' in project 'swift-clocks'
        ➜ Explicit dependency on target 'XCTestDynamicOverlay' in project 'xctest-dynamic-overlay'
        ➜ Explicit dependency on target 'Crypto' in project 'swift-crypto'
        ➜ Explicit dependency on target 'IssueReporting' in project 'xctest-dynamic-overlay'
    Target 'Storage' in project 'Supabase'
        ➜ Explicit dependency on target 'Helpers' in project 'Supabase'
        ➜ Explicit dependency on target 'ConcurrencyExtras' in project 'swift-concurrency-extras'
        ➜ Explicit dependency on target 'HTTPTypes' in project 'swift-http-types'
        ➜ Explicit dependency on target 'Clocks' in project 'swift-clocks'
        ➜ Explicit dependency on target 'XCTestDynamicOverlay' in project 'xctest-dynamic-overlay'
    Target 'Realtime' in project 'Supabase'
        ➜ Explicit dependency on target 'Helpers' in project 'Supabase'
        ➜ Explicit dependency on target 'ConcurrencyExtras' in project 'swift-concurrency-extras'
        ➜ Explicit dependency on target 'HTTPTypes' in project 'swift-http-types'
        ➜ Explicit dependency on target 'Clocks' in project 'swift-clocks'
        ➜ Explicit dependency on target 'XCTestDynamicOverlay' in project 'xctest-dynamic-overlay'
        ➜ Explicit dependency on target 'IssueReporting' in project 'xctest-dynamic-overlay'
    Target 'PostgREST' in project 'Supabase'
        ➜ Explicit dependency on target 'Helpers' in project 'Supabase'
        ➜ Explicit dependency on target 'ConcurrencyExtras' in project 'swift-concurrency-extras'
        ➜ Explicit dependency on target 'HTTPTypes' in project 'swift-http-types'
        ➜ Explicit dependency on target 'Clocks' in project 'swift-clocks'
        ➜ Explicit dependency on target 'XCTestDynamicOverlay' in project 'xctest-dynamic-overlay'
    Target 'Functions' in project 'Supabase'
        ➜ Explicit dependency on target 'Helpers' in project 'Supabase'
        ➜ Explicit dependency on target 'ConcurrencyExtras' in project 'swift-concurrency-extras'
        ➜ Explicit dependency on target 'HTTPTypes' in project 'swift-http-types'
        ➜ Explicit dependency on target 'Clocks' in project 'swift-clocks'
        ➜ Explicit dependency on target 'XCTestDynamicOverlay' in project 'xctest-dynamic-overlay'
    Target 'Auth' in project 'Supabase'
        ➜ Explicit dependency on target 'Helpers' in project 'Supabase'
        ➜ Explicit dependency on target 'ConcurrencyExtras' in project 'swift-concurrency-extras'
        ➜ Explicit dependency on target 'HTTPTypes' in project 'swift-http-types'
        ➜ Explicit dependency on target 'Clocks' in project 'swift-clocks'
        ➜ Explicit dependency on target 'XCTestDynamicOverlay' in project 'xctest-dynamic-overlay'
        ➜ Explicit dependency on target 'Crypto' in project 'swift-crypto'
    Target 'Crypto' in project 'swift-crypto'
        ➜ Explicit dependency on target 'Crypto' in project 'swift-crypto'
        ➜ Explicit dependency on target 'swift-crypto_Crypto' in project 'swift-crypto'
    Target 'Crypto' in project 'swift-crypto'
        ➜ Explicit dependency on target 'swift-crypto_Crypto' in project 'swift-crypto'
    Target 'swift-crypto_Crypto' in project 'swift-crypto' (no dependencies)
    Target 'Helpers' in project 'Supabase'
        ➜ Explicit dependency on target 'ConcurrencyExtras' in project 'swift-concurrency-extras'
        ➜ Explicit dependency on target 'HTTPTypes' in project 'swift-http-types'
        ➜ Explicit dependency on target 'Clocks' in project 'swift-clocks'
        ➜ Explicit dependency on target 'XCTestDynamicOverlay' in project 'xctest-dynamic-overlay'
    Target 'XCTestDynamicOverlay' in project 'xctest-dynamic-overlay'
        ➜ Explicit dependency on target 'XCTestDynamicOverlay' in project 'xctest-dynamic-overlay'
        ➜ Explicit dependency on target 'IssueReportingPackageSupport' in project 'xctest-dynamic-overlay'
        ➜ Explicit dependency on target 'IssueReporting' in project 'xctest-dynamic-overlay'
    Target 'XCTestDynamicOverlay' in project 'xctest-dynamic-overlay'
        ➜ Explicit dependency on target 'IssueReportingPackageSupport' in project 'xctest-dynamic-overlay'
        ➜ Explicit dependency on target 'IssueReporting' in project 'xctest-dynamic-overlay'
    Target 'Clocks' in project 'swift-clocks'
        ➜ Explicit dependency on target 'Clocks' in project 'swift-clocks'
        ➜ Explicit dependency on target 'ConcurrencyExtras' in project 'swift-concurrency-extras'
        ➜ Explicit dependency on target 'IssueReporting' in project 'xctest-dynamic-overlay'
    Target 'Clocks' in project 'swift-clocks'
        ➜ Explicit dependency on target 'ConcurrencyExtras' in project 'swift-concurrency-extras'
        ➜ Explicit dependency on target 'IssueReporting' in project 'xctest-dynamic-overlay'
    Target 'IssueReporting' in project 'xctest-dynamic-overlay'
        ➜ Explicit dependency on target 'IssueReporting' in project 'xctest-dynamic-overlay'
        ➜ Explicit dependency on target 'IssueReportingPackageSupport' in project 'xctest-dynamic-overlay'
    Target 'IssueReporting' in project 'xctest-dynamic-overlay'
        ➜ Explicit dependency on target 'IssueReportingPackageSupport' in project 'xctest-dynamic-overlay'
    Target 'IssueReportingPackageSupport' in project 'xctest-dynamic-overlay' (no dependencies)
    Target 'HTTPTypes' in project 'swift-http-types'
        ➜ Explicit dependency on target 'HTTPTypes' in project 'swift-http-types'
    Target 'HTTPTypes' in project 'swift-http-types' (no dependencies)
    Target 'ConcurrencyExtras' in project 'swift-concurrency-extras'
        ➜ Explicit dependency on target 'ConcurrencyExtras' in project 'swift-concurrency-extras'
    Target 'ConcurrencyExtras' in project 'swift-concurrency-extras' (no dependencies)

GatherProvisioningInputs

CreateBuildDescription

ExecuteExternalTool /Applications/Xcode.app/Contents/Developer/Toolchains/XcodeDefault.xctoolchain/usr/bin/swiftc --version

ExecuteExternalTool /Applications/Xcode.app/Contents/Developer/Toolchains/XcodeDefault.xctoolchain/usr/bin/clang -v -E -dM -isysroot /Applications/Xcode.app/Contents/Developer/Platforms/iPhoneSimulator.platform/Developer/SDKs/iPhoneSimulator26.0.sdk -x c -c /dev/null

ExecuteExternalTool /Applications/Xcode.app/Contents/Developer/usr/bin/actool --print-asset-tag-combinations --output-format xml1 /Users/zeroplus-shere2/Downloads/news_sns/ios-app/LocationNewsSNS/Preview Content/Preview Assets.xcassets /Users/zeroplus-shere2/Downloads/news_sns/ios-app/LocationNewsSNS/Assets.xcassets

ExecuteExternalTool /Applications/Xcode.app/Contents/Developer/usr/bin/actool --version --output-format xml1

ExecuteExternalTool /Applications/Xcode.app/Contents/Developer/Toolchains/XcodeDefault.xctoolchain/usr/bin/ld -version_details

ReadFileContents /Applications/Xcode.app/Contents/Developer/Toolchains/XcodeDefault.xctoolchain/usr/share/docc/features.json

Build description signature: 117e4518954022c9e73032177585ab79
Build description path: /Users/zeroplus-shere2/Library/Developer/Xcode/DerivedData/LocationNewsSNS-ggiiobdbwwecagggalqenznxlikf/Build/Intermediates.noindex/XCBuildData/117e4518954022c9e73032177585ab79.xcbuilddata
ClangStatCache /Applications/Xcode.app/Contents/Developer/Toolchains/XcodeDefault.xctoolchain/usr/bin/clang-stat-cache /Applications/Xcode.app/Contents/Developer/Platforms/iPhoneSimulator.platform/Developer/SDKs/iPhoneSimulator26.0.sdk /Users/zeroplus-shere2/Library/Developer/Xcode/DerivedData/SDKStatCaches.noindex/iphonesimulator26.0-23A339-26257891a6c027eb51374368541b8346.sdkstatcache
    cd /Users/zeroplus-shere2/Downloads/news_sns/ios-app/LocationNewsSNS.xcodeproj
    /Applications/Xcode.app/Contents/Developer/Toolchains/XcodeDefault.xctoolchain/usr/bin/clang-stat-cache /Applications/Xcode.app/Contents/Developer/Platforms/iPhoneSimulator.platform/Developer/SDKs/iPhoneSimulator26.0.sdk -o /Users/zeroplus-shere2/Library/Developer/Xcode/DerivedData/SDKStatCaches.noindex/iphonesimulator26.0-23A339-26257891a6c027eb51374368541b8346.sdkstatcache

ProcessInfoPlistFile /Users/zeroplus-shere2/Library/Developer/Xcode/DerivedData/LocationNewsSNS-ggiiobdbwwecagggalqenznxlikf/Build/Products/Debug-iphonesimulator/swift-crypto_Crypto.bundle/Info.plist /Users/zeroplus-shere2/Library/Developer/Xcode/DerivedData/LocationNewsSNS-ggiiobdbwwecagggalqenznxlikf/Build/Intermediates.noindex/swift-crypto.build/Debug-iphonesimulator/swift-crypto_Crypto.build/empty-swift-crypto_Crypto.plist (in target 'swift-crypto_Crypto' from project 'swift-crypto')
    cd /Users/zeroplus-shere2/Library/Developer/Xcode/DerivedData/LocationNewsSNS-ggiiobdbwwecagggalqenznxlikf/SourcePackages/checkouts/swift-crypto
    builtin-infoPlistUtility /Users/zeroplus-shere2/Library/Developer/Xcode/DerivedData/LocationNewsSNS-ggiiobdbwwecagggalqenznxlikf/Build/Intermediates.noindex/swift-crypto.build/Debug-iphonesimulator/swift-crypto_Crypto.build/empty-swift-crypto_Crypto.plist -producttype com.apple.product-type.bundle -expandbuildsettings -format binary -platform iphonesimulator -o /Users/zeroplus-shere2/Library/Developer/Xcode/DerivedData/LocationNewsSNS-ggiiobdbwwecagggalqenznxlikf/Build/Products/Debug-iphonesimulator/swift-crypto_Crypto.bundle/Info.plist

SwiftDriver Auth normal arm64 com.apple.xcode.tools.swift.compiler (in target 'Auth' from project 'Supabase')
    cd /Users/zeroplus-shere2/Downloads/news_sns/ios-app/LocationNewsSNS.xcodeproj
    builtin-SwiftDriver -- /Applications/Xcode.app/Contents/Developer/Toolchains/XcodeDefault.xctoolchain/usr/bin/swiftc -module-name Auth -Onone -enforce-exclusivity\=checked @/Users/zeroplus-shere2/Library/Developer/Xcode/DerivedData/LocationNewsSNS-ggiiobdbwwecagggalqenznxlikf/Build/Intermediates.noindex/Supabase.build/Debug-iphonesimulator/Auth.build/Objects-normal/arm64/Auth.SwiftFileList -DSWIFT_PACKAGE -DDEBUG -DSWIFT_MODULE_RESOURCE_BUNDLE_UNAVAILABLE -DXcode -enable-upcoming-feature ExistentialAny -enable-experimental-feature StrictConcurrency -plugin-path /Applications/Xcode.app/Contents/Developer/Toolchains/XcodeDefault.xctoolchain/usr/lib/swift/host/plugins/testing -enable-experimental-feature DebugDescriptionMacro -sdk /Applications/Xcode.app/Contents/Developer/Platforms/iPhoneSimulator.platform/Developer/SDKs/iPhoneSimulator26.0.sdk -target arm64-apple-ios13.0-simulator -g -module-cache-path /Users/zeroplus-shere2/Library/Developer/Xcode/DerivedData/ModuleCache.noindex -Xfrontend -serialize-debugging-options -enable-testing -suppress-warnings -index-store-path /Users/zeroplus-shere2/Library/Developer/Xcode/DerivedData/LocationNewsSNS-ggiiobdbwwecagggalqenznxlikf/Index.noindex/DataStore -Xcc -D_LIBCPP_HARDENING_MODE\=_LIBCPP_HARDENING_MODE_DEBUG -swift-version 5 -I /Users/zeroplus-shere2/Library/Developer/Xcode/DerivedData/LocationNewsSNS-ggiiobdbwwecagggalqenznxlikf/Build/Products/Debug-iphonesimulator -Isystem /Applications/Xcode.app/Contents/Developer/Platforms/iPhoneSimulator.platform/Developer/usr/lib -F /Users/zeroplus-shere2/Library/Developer/Xcode/DerivedData/LocationNewsSNS-ggiiobdbwwecagggalqenznxlikf/Build/Products/Debug-iphonesimulator/PackageFrameworks -F /Users/zeroplus-shere2/Library/Developer/Xcode/DerivedData/LocationNewsSNS-ggiiobdbwwecagggalqenznxlikf/Build/Products/Debug-iphonesimulator/PackageFrameworks -F /Users/zeroplus-shere2/Library/Developer/Xcode/DerivedData/LocationNewsSNS-ggiiobdbwwecagggalqenznxlikf/Build/Products/Debug-iphonesimulator/PackageFrameworks -F /Users/zeroplus-shere2/Library/Developer/Xcode/DerivedData/LocationNewsSNS-ggiiobdbwwecagggalqenznxlikf/Build/Products/Debug-iphonesimulator/PackageFrameworks -F /Users/zeroplus-shere2/Library/Developer/Xcode/DerivedData/LocationNewsSNS-ggiiobdbwwecagggalqenznxlikf/Build/Products/Debug-iphonesimulator/PackageFrameworks -F /Users/zeroplus-shere2/Library/Developer/Xcode/DerivedData/LocationNewsSNS-ggiiobdbwwecagggalqenznxlikf/Build/Products/Debug-iphonesimulator/PackageFrameworks -F /Users/zeroplus-shere2/Library/Developer/Xcode/DerivedData/LocationNewsSNS-ggiiobdbwwecagggalqenznxlikf/Build/Products/Debug-iphonesimulator/PackageFrameworks -F /Users/zeroplus-shere2/Library/Developer/Xcode/DerivedData/LocationNewsSNS-ggiiobdbwwecagggalqenznxlikf/Build/Products/Debug-iphonesimulator/PackageFrameworks -F /Users/zeroplus-shere2/Library/Developer/Xcode/DerivedData/LocationNewsSNS-ggiiobdbwwecagggalqenznxlikf/Build/Products/Debug-iphonesimulator -F /Applications/Xcode.app/Contents/Developer/Platforms/iPhoneSimulator.platform/Developer/Library/Frameworks -F /Applications/Xcode.app/Contents/Developer/Platforms/iPhoneSimulator.platform/Developer/SDKs/iPhoneSimulator26.0.sdk/Developer/Library/Frameworks -c -j14 -enable-batch-mode -incremental -Xcc -ivfsstatcache -Xcc /Users/zeroplus-shere2/Library/Developer/Xcode/DerivedData/SDKStatCaches.noindex/iphonesimulator26.0-23A339-26257891a6c027eb51374368541b8346.sdkstatcache -output-file-map /Users/zeroplus-shere2/Library/Developer/Xcode/DerivedData/LocationNewsSNS-ggiiobdbwwecagggalqenznxlikf/Build/Intermediates.noindex/Supabase.build/Debug-iphonesimulator/Auth.build/Objects-normal/arm64/Auth-OutputFileMap.json -use-frontend-parseable-output -save-temps -no-color-diagnostics -explicit-module-build -module-cache-path /Users/zeroplus-shere2/Library/Developer/Xcode/DerivedData/LocationNewsSNS-ggiiobdbwwecagggalqenznxlikf/Build/Intermediates.noindex/SwiftExplicitPrecompiledModules -clang-scanner-module-cache-path /Users/zeroplus-shere2/Library/Developer/Xcode/DerivedData/ModuleCache.noindex -sdk-module-cache-path /Users/zeroplus-shere2/Library/Developer/Xcode/DerivedData/ModuleCache.noindex -serialize-diagnostics -emit-dependencies -emit-module -emit-module-path /Users/zeroplus-shere2/Library/Developer/Xcode/DerivedData/LocationNewsSNS-ggiiobdbwwecagggalqenznxlikf/Build/Intermediates.noindex/Supabase.build/Debug-iphonesimulator/Auth.build/Objects-normal/arm64/Auth.swiftmodule -validate-clang-modules-once -clang-build-session-file /Users/zeroplus-shere2/Library/Developer/Xcode/DerivedData/ModuleCache.noindex/Session.modulevalidation -package-name supabase_swift -Xcc -I/Users/zeroplus-shere2/Library/Developer/Xcode/DerivedData/LocationNewsSNS-ggiiobdbwwecagggalqenznxlikf/Build/Intermediates.noindex/Supabase.build/Debug-iphonesimulator/Auth.build/swift-overrides.hmap -emit-const-values -Xfrontend -const-gather-protocols-file -Xfrontend /Users/zeroplus-shere2/Library/Developer/Xcode/DerivedData/LocationNewsSNS-ggiiobdbwwecagggalqenznxlikf/Build/Intermediates.noindex/Supabase.build/Debug-iphonesimulator/Auth.build/Objects-normal/arm64/Auth_const_extract_protocols.json -Xcc -I/Users/zeroplus-shere2/Library/Developer/Xcode/DerivedData/LocationNewsSNS-ggiiobdbwwecagggalqenznxlikf/Build/Products/Debug-iphonesimulator/include -Xcc -I/Users/zeroplus-shere2/Library/Developer/Xcode/DerivedData/LocationNewsSNS-ggiiobdbwwecagggalqenznxlikf/Build/Intermediates.noindex/Supabase.build/Debug-iphonesimulator/Auth.build/DerivedSources-normal/arm64 -Xcc -I/Users/zeroplus-shere2/Library/Developer/Xcode/DerivedData/LocationNewsSNS-ggiiobdbwwecagggalqenznxlikf/Build/Intermediates.noindex/Supabase.build/Debug-iphonesimulator/Auth.build/DerivedSources/arm64 -Xcc -I/Users/zeroplus-shere2/Library/Developer/Xcode/DerivedData/LocationNewsSNS-ggiiobdbwwecagggalqenznxlikf/Build/Intermediates.noindex/Supabase.build/Debug-iphonesimulator/Auth.build/DerivedSources -Xcc -DSWIFT_PACKAGE -Xcc -DDEBUG\=1 -emit-objc-header -emit-objc-header-path /Users/zeroplus-shere2/Library/Developer/Xcode/DerivedData/LocationNewsSNS-ggiiobdbwwecagggalqenznxlikf/Build/Intermediates.noindex/Supabase.build/Debug-iphonesimulator/Auth.build/Objects-normal/arm64/Auth-Swift.h -working-directory /Users/zeroplus-shere2/Downloads/news_sns/ios-app/LocationNewsSNS.xcodeproj -experimental-emit-module-separately -disable-cmo

SwiftCompile normal arm64 Compiling\ Types.swift /Users/zeroplus-shere2/Library/Developer/Xcode/DerivedData/LocationNewsSNS-ggiiobdbwwecagggalqenznxlikf/SourcePackages/checkouts/supabase-swift/Sources/Auth/Types.swift (in target 'Auth' from project 'Supabase')

SwiftCompile normal arm64 /Users/zeroplus-shere2/Library/Developer/Xcode/DerivedData/LocationNewsSNS-ggiiobdbwwecagggalqenznxlikf/SourcePackages/checkouts/supabase-swift/Sources/Auth/Types.swift (in target 'Auth' from project 'Supabase')
    cd /Users/zeroplus-shere2/Downloads/news_sns/ios-app/LocationNewsSNS.xcodeproj
    

SwiftEmitModule normal arm64 Emitting\ module\ for\ Auth (in target 'Auth' from project 'Supabase')

EmitSwiftModule normal arm64 (in target 'Auth' from project 'Supabase')
    cd /Users/zeroplus-shere2/Downloads/news_sns/ios-app/LocationNewsSNS.xcodeproj
    

SwiftDriverJobDiscovery normal arm64 Emitting module for Auth (in target 'Auth' from project 'Supabase')

SwiftDriver\ Compilation\ Requirements Auth normal arm64 com.apple.xcode.tools.swift.compiler (in target 'Auth' from project 'Supabase')
    cd /Users/zeroplus-shere2/Downloads/news_sns/ios-app/LocationNewsSNS.xcodeproj
    builtin-Swift-Compilation-Requirements -- /Applications/Xcode.app/Contents/Developer/Toolchains/XcodeDefault.xctoolchain/usr/bin/swiftc -module-name Auth -Onone -enforce-exclusivity\=checked @/Users/zeroplus-shere2/Library/Developer/Xcode/DerivedData/LocationNewsSNS-ggiiobdbwwecagggalqenznxlikf/Build/Intermediates.noindex/Supabase.build/Debug-iphonesimulator/Auth.build/Objects-normal/arm64/Auth.SwiftFileList -DSWIFT_PACKAGE -DDEBUG -DSWIFT_MODULE_RESOURCE_BUNDLE_UNAVAILABLE -DXcode -enable-upcoming-feature ExistentialAny -enable-experimental-feature StrictConcurrency -plugin-path /Applications/Xcode.app/Contents/Developer/Toolchains/XcodeDefault.xctoolchain/usr/lib/swift/host/plugins/testing -enable-experimental-feature DebugDescriptionMacro -sdk /Applications/Xcode.app/Contents/Developer/Platforms/iPhoneSimulator.platform/Developer/SDKs/iPhoneSimulator26.0.sdk -target arm64-apple-ios13.0-simulator -g -module-cache-path /Users/zeroplus-shere2/Library/Developer/Xcode/DerivedData/ModuleCache.noindex -Xfrontend -serialize-debugging-options -enable-testing -suppress-warnings -index-store-path /Users/zeroplus-shere2/Library/Developer/Xcode/DerivedData/LocationNewsSNS-ggiiobdbwwecagggalqenznxlikf/Index.noindex/DataStore -Xcc -D_LIBCPP_HARDENING_MODE\=_LIBCPP_HARDENING_MODE_DEBUG -swift-version 5 -I /Users/zeroplus-shere2/Library/Developer/Xcode/DerivedData/LocationNewsSNS-ggiiobdbwwecagggalqenznxlikf/Build/Products/Debug-iphonesimulator -Isystem /Applications/Xcode.app/Contents/Developer/Platforms/iPhoneSimulator.platform/Developer/usr/lib -F /Users/zeroplus-shere2/Library/Developer/Xcode/DerivedData/LocationNewsSNS-ggiiobdbwwecagggalqenznxlikf/Build/Products/Debug-iphonesimulator/PackageFrameworks -F /Users/zeroplus-shere2/Library/Developer/Xcode/DerivedData/LocationNewsSNS-ggiiobdbwwecagggalqenznxlikf/Build/Products/Debug-iphonesimulator/PackageFrameworks -F /Users/zeroplus-shere2/Library/Developer/Xcode/DerivedData/LocationNewsSNS-ggiiobdbwwecagggalqenznxlikf/Build/Products/Debug-iphonesimulator/PackageFrameworks -F /Users/zeroplus-shere2/Library/Developer/Xcode/DerivedData/LocationNewsSNS-ggiiobdbwwecagggalqenznxlikf/Build/Products/Debug-iphonesimulator/PackageFrameworks -F /Users/zeroplus-shere2/Library/Developer/Xcode/DerivedData/LocationNewsSNS-ggiiobdbwwecagggalqenznxlikf/Build/Products/Debug-iphonesimulator/PackageFrameworks -F /Users/zeroplus-shere2/Library/Developer/Xcode/DerivedData/LocationNewsSNS-ggiiobdbwwecagggalqenznxlikf/Build/Products/Debug-iphonesimulator/PackageFrameworks -F /Users/zeroplus-shere2/Library/Developer/Xcode/DerivedData/LocationNewsSNS-ggiiobdbwwecagggalqenznxlikf/Build/Products/Debug-iphonesimulator/PackageFrameworks -F /Users/zeroplus-shere2/Library/Developer/Xcode/DerivedData/LocationNewsSNS-ggiiobdbwwecagggalqenznxlikf/Build/Products/Debug-iphonesimulator/PackageFrameworks -F /Users/zeroplus-shere2/Library/Developer/Xcode/DerivedData/LocationNewsSNS-ggiiobdbwwecagggalqenznxlikf/Build/Products/Debug-iphonesimulator -F /Applications/Xcode.app/Contents/Developer/Platforms/iPhoneSimulator.platform/Developer/Library/Frameworks -F /Applications/Xcode.app/Contents/Developer/Platforms/iPhoneSimulator.platform/Developer/SDKs/iPhoneSimulator26.0.sdk/Developer/Library/Frameworks -c -j14 -enable-batch-mode -incremental -Xcc -ivfsstatcache -Xcc /Users/zeroplus-shere2/Library/Developer/Xcode/DerivedData/SDKStatCaches.noindex/iphonesimulator26.0-23A339-26257891a6c027eb51374368541b8346.sdkstatcache -output-file-map /Users/zeroplus-shere2/Library/Developer/Xcode/DerivedData/LocationNewsSNS-ggiiobdbwwecagggalqenznxlikf/Build/Intermediates.noindex/Supabase.build/Debug-iphonesimulator/Auth.build/Objects-normal/arm64/Auth-OutputFileMap.json -use-frontend-parseable-output -save-temps -no-color-diagnostics -explicit-module-build -module-cache-path /Users/zeroplus-shere2/Library/Developer/Xcode/DerivedData/LocationNewsSNS-ggiiobdbwwecagggalqenznxlikf/Build/Intermediates.noindex/SwiftExplicitPrecompiledModules -clang-scanner-module-cache-path /Users/zeroplus-shere2/Library/Developer/Xcode/DerivedData/ModuleCache.noindex -sdk-module-cache-path /Users/zeroplus-shere2/Library/Developer/Xcode/DerivedData/ModuleCache.noindex -serialize-diagnostics -emit-dependencies -emit-module -emit-module-path /Users/zeroplus-shere2/Library/Developer/Xcode/DerivedData/LocationNewsSNS-ggiiobdbwwecagggalqenznxlikf/Build/Intermediates.noindex/Supabase.build/Debug-iphonesimulator/Auth.build/Objects-normal/arm64/Auth.swiftmodule -validate-clang-modules-once -clang-build-session-file /Users/zeroplus-shere2/Library/Developer/Xcode/DerivedData/ModuleCache.noindex/Session.modulevalidation -package-name supabase_swift -Xcc -I/Users/zeroplus-shere2/Library/Developer/Xcode/DerivedData/LocationNewsSNS-ggiiobdbwwecagggalqenznxlikf/Build/Intermediates.noindex/Supabase.build/Debug-iphonesimulator/Auth.build/swift-overrides.hmap -emit-const-values -Xfrontend -const-gather-protocols-file -Xfrontend /Users/zeroplus-shere2/Library/Developer/Xcode/DerivedData/LocationNewsSNS-ggiiobdbwwecagggalqenznxlikf/Build/Intermediates.noindex/Supabase.build/Debug-iphonesimulator/Auth.build/Objects-normal/arm64/Auth_const_extract_protocols.json -Xcc -I/Users/zeroplus-shere2/Library/Developer/Xcode/DerivedData/LocationNewsSNS-ggiiobdbwwecagggalqenznxlikf/Build/Products/Debug-iphonesimulator/include -Xcc -I/Users/zeroplus-shere2/Library/Developer/Xcode/DerivedData/LocationNewsSNS-ggiiobdbwwecagggalqenznxlikf/Build/Intermediates.noindex/Supabase.build/Debug-iphonesimulator/Auth.build/DerivedSources-normal/arm64 -Xcc -I/Users/zeroplus-shere2/Library/Developer/Xcode/DerivedData/LocationNewsSNS-ggiiobdbwwecagggalqenznxlikf/Build/Intermediates.noindex/Supabase.build/Debug-iphonesimulator/Auth.build/DerivedSources/arm64 -Xcc -I/Users/zeroplus-shere2/Library/Developer/Xcode/DerivedData/LocationNewsSNS-ggiiobdbwwecagggalqenznxlikf/Build/Intermediates.noindex/Supabase.build/Debug-iphonesimulator/Auth.build/DerivedSources -Xcc -DSWIFT_PACKAGE -Xcc -DDEBUG\=1 -emit-objc-header -emit-objc-header-path /Users/zeroplus-shere2/Library/Developer/Xcode/DerivedData/LocationNewsSNS-ggiiobdbwwecagggalqenznxlikf/Build/Intermediates.noindex/Supabase.build/Debug-iphonesimulator/Auth.build/Objects-normal/arm64/Auth-Swift.h -working-directory /Users/zeroplus-shere2/Downloads/news_sns/ios-app/LocationNewsSNS.xcodeproj -experimental-emit-module-separately -disable-cmo

Copy /Users/zeroplus-shere2/Library/Developer/Xcode/DerivedData/LocationNewsSNS-ggiiobdbwwecagggalqenznxlikf/Build/Products/Debug-iphonesimulator/Auth.swiftmodule/arm64-apple-ios-simulator.abi.json /Users/zeroplus-shere2/Library/Developer/Xcode/DerivedData/LocationNewsSNS-ggiiobdbwwecagggalqenznxlikf/Build/Intermediates.noindex/Supabase.build/Debug-iphonesimulator/Auth.build/Objects-normal/arm64/Auth.abi.json (in target 'Auth' from project 'Supabase')
    cd /Users/zeroplus-shere2/Library/Developer/Xcode/DerivedData/LocationNewsSNS-ggiiobdbwwecagggalqenznxlikf/SourcePackages/checkouts/supabase-swift
    builtin-copy -exclude .DS_Store -exclude CVS -exclude .svn -exclude .git -exclude .hg -resolve-src-symlinks -rename /Users/zeroplus-shere2/Library/Developer/Xcode/DerivedData/LocationNewsSNS-ggiiobdbwwecagggalqenznxlikf/Build/Intermediates.noindex/Supabase.build/Debug-iphonesimulator/Auth.build/Objects-normal/arm64/Auth.abi.json /Users/zeroplus-shere2/Library/Developer/Xcode/DerivedData/LocationNewsSNS-ggiiobdbwwecagggalqenznxlikf/Build/Products/Debug-iphonesimulator/Auth.swiftmodule/arm64-apple-ios-simulator.abi.json

SwiftDriver LocationNewsSNS normal arm64 com.apple.xcode.tools.swift.compiler (in target 'LocationNewsSNS' from project 'LocationNewsSNS')
    cd /Users/zeroplus-shere2/Downloads/news_sns/ios-app
    builtin-SwiftDriver -- /Applications/Xcode.app/Contents/Developer/Toolchains/XcodeDefault.xctoolchain/usr/bin/swiftc -module-name LocationNewsSNS -Onone -enforce-exclusivity\=checked @/Users/zeroplus-shere2/Library/Developer/Xcode/DerivedData/LocationNewsSNS-ggiiobdbwwecagggalqenznxlikf/Build/Intermediates.noindex/LocationNewsSNS.build/Debug-iphonesimulator/LocationNewsSNS.build/Objects-normal/arm64/LocationNewsSNS.SwiftFileList -DDEBUG -default-isolation\=MainActor -enable-bare-slash-regex -enable-upcoming-feature DisableOutwardActorInference -enable-upcoming-feature InferSendableFromCaptures -enable-upcoming-feature GlobalActorIsolatedTypesUsability -enable-upcoming-feature MemberImportVisibility -enable-upcoming-feature InferIsolatedConformances -enable-upcoming-feature NonisolatedNonsendingByDefault -enable-experimental-feature DebugDescriptionMacro -sdk /Applications/Xcode.app/Contents/Developer/Platforms/iPhoneSimulator.platform/Developer/SDKs/iPhoneSimulator26.0.sdk -target arm64-apple-ios18.0-simulator -g -module-cache-path /Users/zeroplus-shere2/Library/Developer/Xcode/DerivedData/ModuleCache.noindex -Xfrontend -serialize-debugging-options -enable-testing -index-store-path /Users/zeroplus-shere2/Library/Developer/Xcode/DerivedData/LocationNewsSNS-ggiiobdbwwecagggalqenznxlikf/Index.noindex/DataStore -Xcc -D_LIBCPP_HARDENING_MODE\=_LIBCPP_HARDENING_MODE_DEBUG -swift-version 5 -I /Users/zeroplus-shere2/Library/Developer/Xcode/DerivedData/LocationNewsSNS-ggiiobdbwwecagggalqenznxlikf/Build/Products/Debug-iphonesimulator -F /Users/zeroplus-shere2/Library/Developer/Xcode/DerivedData/LocationNewsSNS-ggiiobdbwwecagggalqenznxlikf/Build/Products/Debug-iphonesimulator/PackageFrameworks -F /Users/zeroplus-shere2/Library/Developer/Xcode/DerivedData/LocationNewsSNS-ggiiobdbwwecagggalqenznxlikf/Build/Products/Debug-iphonesimulator/PackageFrameworks -F /Users/zeroplus-shere2/Library/Developer/Xcode/DerivedData/LocationNewsSNS-ggiiobdbwwecagggalqenznxlikf/Build/Products/Debug-iphonesimulator/PackageFrameworks -F /Users/zeroplus-shere2/Library/Developer/Xcode/DerivedData/LocationNewsSNS-ggiiobdbwwecagggalqenznxlikf/Build/Products/Debug-iphonesimulator/PackageFrameworks -F /Users/zeroplus-shere2/Library/Developer/Xcode/DerivedData/LocationNewsSNS-ggiiobdbwwecagggalqenznxlikf/Build/Products/Debug-iphonesimulator/PackageFrameworks -F /Users/zeroplus-shere2/Library/Developer/Xcode/DerivedData/LocationNewsSNS-ggiiobdbwwecagggalqenznxlikf/Build/Products/Debug-iphonesimulator/PackageFrameworks -F /Users/zeroplus-shere2/Library/Developer/Xcode/DerivedData/LocationNewsSNS-ggiiobdbwwecagggalqenznxlikf/Build/Products/Debug-iphonesimulator/PackageFrameworks -F /Users/zeroplus-shere2/Library/Developer/Xcode/DerivedData/LocationNewsSNS-ggiiobdbwwecagggalqenznxlikf/Build/Products/Debug-iphonesimulator/PackageFrameworks -F /Users/zeroplus-shere2/Library/Developer/Xcode/DerivedData/LocationNewsSNS-ggiiobdbwwecagggalqenznxlikf/Build/Products/Debug-iphonesimulator/PackageFrameworks -F /Users/zeroplus-shere2/Library/Developer/Xcode/DerivedData/LocationNewsSNS-ggiiobdbwwecagggalqenznxlikf/Build/Products/Debug-iphonesimulator/PackageFrameworks -F /Users/zeroplus-shere2/Library/Developer/Xcode/DerivedData/LocationNewsSNS-ggiiobdbwwecagggalqenznxlikf/Build/Products/Debug-iphonesimulator/PackageFrameworks -F /Users/zeroplus-shere2/Library/Developer/Xcode/DerivedData/LocationNewsSNS-ggiiobdbwwecagggalqenznxlikf/Build/Products/Debug-iphonesimulator/PackageFrameworks -F /Users/zeroplus-shere2/Library/Developer/Xcode/DerivedData/LocationNewsSNS-ggiiobdbwwecagggalqenznxlikf/Build/Products/Debug-iphonesimulator/PackageFrameworks -F /Users/zeroplus-shere2/Library/Developer/Xcode/DerivedData/LocationNewsSNS-ggiiobdbwwecagggalqenznxlikf/Build/Products/Debug-iphonesimulator/PackageFrameworks -F /Users/zeroplus-shere2/Library/Developer/Xcode/DerivedData/LocationNewsSNS-ggiiobdbwwecagggalqenznxlikf/Build/Products/Debug-iphonesimulator -emit-localized-strings -emit-localized-strings-path /Users/zeroplus-shere2/Library/Developer/Xcode/DerivedData/LocationNewsSNS-ggiiobdbwwecagggalqenznxlikf/Build/Intermediates.noindex/LocationNewsSNS.build/Debug-iphonesimulator/LocationNewsSNS.build/Objects-normal/arm64 -c -j14 -enable-batch-mode -incremental -Xcc -ivfsstatcache -Xcc /Users/zeroplus-shere2/Library/Developer/Xcode/DerivedData/SDKStatCaches.noindex/iphonesimulator26.0-23A339-26257891a6c027eb51374368541b8346.sdkstatcache -output-file-map /Users/zeroplus-shere2/Library/Developer/Xcode/DerivedData/LocationNewsSNS-ggiiobdbwwecagggalqenznxlikf/Build/Intermediates.noindex/LocationNewsSNS.build/Debug-iphonesimulator/LocationNewsSNS.build/Objects-normal/arm64/LocationNewsSNS-OutputFileMap.json -use-frontend-parseable-output -save-temps -no-color-diagnostics -explicit-module-build -module-cache-path /Users/zeroplus-shere2/Library/Developer/Xcode/DerivedData/LocationNewsSNS-ggiiobdbwwecagggalqenznxlikf/Build/Intermediates.noindex/SwiftExplicitPrecompiledModules -clang-scanner-module-cache-path /Users/zeroplus-shere2/Library/Developer/Xcode/DerivedData/ModuleCache.noindex -sdk-module-cache-path /Users/zeroplus-shere2/Library/Developer/Xcode/DerivedData/ModuleCache.noindex -serialize-diagnostics -emit-dependencies -emit-module -emit-module-path /Users/zeroplus-shere2/Library/Developer/Xcode/DerivedData/LocationNewsSNS-ggiiobdbwwecagggalqenznxlikf/Build/Intermediates.noindex/LocationNewsSNS.build/Debug-iphonesimulator/LocationNewsSNS.build/Objects-normal/arm64/LocationNewsSNS.swiftmodule -validate-clang-modules-once -clang-build-session-file /Users/zeroplus-shere2/Library/Developer/Xcode/DerivedData/ModuleCache.noindex/Session.modulevalidation -Xcc -I/Users/zeroplus-shere2/Library/Developer/Xcode/DerivedData/LocationNewsSNS-ggiiobdbwwecagggalqenznxlikf/Build/Intermediates.noindex/LocationNewsSNS.build/Debug-iphonesimulator/LocationNewsSNS.build/swift-overrides.hmap -emit-const-values -Xfrontend -const-gather-protocols-file -Xfrontend /Users/zeroplus-shere2/Library/Developer/Xcode/DerivedData/LocationNewsSNS-ggiiobdbwwecagggalqenznxlikf/Build/Intermediates.noindex/LocationNewsSNS.build/Debug-iphonesimulator/LocationNewsSNS.build/Objects-normal/arm64/LocationNewsSNS_const_extract_protocols.json -Xcc -iquote -Xcc /Users/zeroplus-shere2/Library/Developer/Xcode/DerivedData/LocationNewsSNS-ggiiobdbwwecagggalqenznxlikf/Build/Intermediates.noindex/LocationNewsSNS.build/Debug-iphonesimulator/LocationNewsSNS.build/LocationNewsSNS-generated-files.hmap -Xcc -I/Users/zeroplus-shere2/Library/Developer/Xcode/DerivedData/LocationNewsSNS-ggiiobdbwwecagggalqenznxlikf/Build/Intermediates.noindex/LocationNewsSNS.build/Debug-iphonesimulator/LocationNewsSNS.build/LocationNewsSNS-own-target-headers.hmap -Xcc -I/Users/zeroplus-shere2/Library/Developer/Xcode/DerivedData/LocationNewsSNS-ggiiobdbwwecagggalqenznxlikf/Build/Intermediates.noindex/LocationNewsSNS.build/Debug-iphonesimulator/LocationNewsSNS.build/LocationNewsSNS-all-non-framework-target-headers.hmap -Xcc -ivfsoverlay -Xcc /Users/zeroplus-shere2/Library/Developer/Xcode/DerivedData/LocationNewsSNS-ggiiobdbwwecagggalqenznxlikf/Build/Intermediates.noindex/LocationNewsSNS.build/Debug-iphonesimulator/LocationNewsSNS-b018e1ebc1c11a3f8d2e78725c21baa3-VFS-iphonesimulator/all-product-headers.yaml -Xcc -iquote -Xcc /Users/zeroplus-shere2/Library/Developer/Xcode/DerivedData/LocationNewsSNS-ggiiobdbwwecagggalqenznxlikf/Build/Intermediates.noindex/LocationNewsSNS.build/Debug-iphonesimulator/LocationNewsSNS.build/LocationNewsSNS-project-headers.hmap -Xcc -I/Users/zeroplus-shere2/Library/Developer/Xcode/DerivedData/LocationNewsSNS-ggiiobdbwwecagggalqenznxlikf/Build/Products/Debug-iphonesimulator/include -Xcc -I/Users/zeroplus-shere2/Library/Developer/Xcode/DerivedData/LocationNewsSNS-ggiiobdbwwecagggalqenznxlikf/Build/Intermediates.noindex/LocationNewsSNS.build/Debug-iphonesimulator/LocationNewsSNS.build/DerivedSources-normal/arm64 -Xcc -I/Users/zeroplus-shere2/Library/Developer/Xcode/DerivedData/LocationNewsSNS-ggiiobdbwwecagggalqenznxlikf/Build/Intermediates.noindex/LocationNewsSNS.build/Debug-iphonesimulator/LocationNewsSNS.build/DerivedSources/arm64 -Xcc -I/Users/zeroplus-shere2/Library/Developer/Xcode/DerivedData/LocationNewsSNS-ggiiobdbwwecagggalqenznxlikf/Build/Intermediates.noindex/LocationNewsSNS.build/Debug-iphonesimulator/LocationNewsSNS.build/DerivedSources -Xcc -DDEBUG\=1 -emit-objc-header -emit-objc-header-path /Users/zeroplus-shere2/Library/Developer/Xcode/DerivedData/LocationNewsSNS-ggiiobdbwwecagggalqenznxlikf/Build/Intermediates.noindex/LocationNewsSNS.build/Debug-iphonesimulator/LocationNewsSNS.build/Objects-normal/arm64/LocationNewsSNS-Swift.h -working-directory /Users/zeroplus-shere2/Downloads/news_sns/ios-app -experimental-emit-module-separately -disable-cmo

SwiftCompile normal arm64 Compiling\ EmergencyNotificationService.swift,\ NotificationManager.swift,\ PushNotificationService.swift /Users/zeroplus-shere2/Downloads/news_sns/ios-app/LocationNewsSNS/Services/Notifications/EmergencyNotificationService.swift /Users/zeroplus-shere2/Downloads/news_sns/ios-app/LocationNewsSNS/Services/Notifications/NotificationManager.swift /Users/zeroplus-shere2/Downloads/news_sns/ios-app/LocationNewsSNS/Services/Notifications/PushNotificationService.swift (in target 'LocationNewsSNS' from project 'LocationNewsSNS')

SwiftCompile normal arm64 /Users/zeroplus-shere2/Downloads/news_sns/ios-app/LocationNewsSNS/Services/Notifications/EmergencyNotificationService.swift (in target 'LocationNewsSNS' from project 'LocationNewsSNS')
    cd /Users/zeroplus-shere2/Downloads/news_sns/ios-app
    

SwiftCompile normal arm64 /Users/zeroplus-shere2/Downloads/news_sns/ios-app/LocationNewsSNS/Services/Notifications/NotificationManager.swift (in target 'LocationNewsSNS' from project 'LocationNewsSNS')
    cd /Users/zeroplus-shere2/Downloads/news_sns/ios-app
    

SwiftCompile normal arm64 /Users/zeroplus-shere2/Downloads/news_sns/ios-app/LocationNewsSNS/Services/Notifications/PushNotificationService.swift (in target 'LocationNewsSNS' from project 'LocationNewsSNS')
    cd /Users/zeroplus-shere2/Downloads/news_sns/ios-app
    

SwiftCompile normal arm64 Compiling\ AuthService.swift,\ CommentService.swift,\ LocationPrivacyService.swift /Users/zeroplus-shere2/Downloads/news_sns/ios-app/LocationNewsSNS/Services/AuthService.swift /Users/zeroplus-shere2/Downloads/news_sns/ios-app/LocationNewsSNS/Services/CommentService.swift /Users/zeroplus-shere2/Downloads/news_sns/ios-app/LocationNewsSNS/Services/LocationPrivacyService.swift (in target 'LocationNewsSNS' from project 'LocationNewsSNS')

SwiftCompile normal arm64 /Users/zeroplus-shere2/Downloads/news_sns/ios-app/LocationNewsSNS/Services/AuthService.swift (in target 'LocationNewsSNS' from project 'LocationNewsSNS')
    cd /Users/zeroplus-shere2/Downloads/news_sns/ios-app
    

SwiftCompile normal arm64 /Users/zeroplus-shere2/Downloads/news_sns/ios-app/LocationNewsSNS/Services/CommentService.swift (in target 'LocationNewsSNS' from project 'LocationNewsSNS')
    cd /Users/zeroplus-shere2/Downloads/news_sns/ios-app
    

SwiftCompile normal arm64 /Users/zeroplus-shere2/Downloads/news_sns/ios-app/LocationNewsSNS/Services/LocationPrivacyService.swift (in target 'LocationNewsSNS' from project 'LocationNewsSNS')
    cd /Users/zeroplus-shere2/Downloads/news_sns/ios-app
    

SwiftCompile normal arm64 Compiling\ EmergencyEvent.swift,\ MapAnnotations.swift,\ Post.swift,\ PostRequests.swift /Users/zeroplus-shere2/Downloads/news_sns/ios-app/LocationNewsSNS/Models/EmergencyEvent.swift /Users/zeroplus-shere2/Downloads/news_sns/ios-app/LocationNewsSNS/Models/MapAnnotations.swift /Users/zeroplus-shere2/Downloads/news_sns/ios-app/LocationNewsSNS/Models/Post.swift /Users/zeroplus-shere2/Downloads/news_sns/ios-app/LocationNewsSNS/Models/PostRequests.swift (in target 'LocationNewsSNS' from project 'LocationNewsSNS')

SwiftCompile normal arm64 /Users/zeroplus-shere2/Downloads/news_sns/ios-app/LocationNewsSNS/Models/EmergencyEvent.swift (in target 'LocationNewsSNS' from project 'LocationNewsSNS')
    cd /Users/zeroplus-shere2/Downloads/news_sns/ios-app
    

SwiftCompile normal arm64 /Users/zeroplus-shere2/Downloads/news_sns/ios-app/LocationNewsSNS/Models/MapAnnotations.swift (in target 'LocationNewsSNS' from project 'LocationNewsSNS')
    cd /Users/zeroplus-shere2/Downloads/news_sns/ios-app
    

SwiftCompile normal arm64 /Users/zeroplus-shere2/Downloads/news_sns/ios-app/LocationNewsSNS/Models/Post.swift (in target 'LocationNewsSNS' from project 'LocationNewsSNS')
    cd /Users/zeroplus-shere2/Downloads/news_sns/ios-app
    

SwiftCompile normal arm64 /Users/zeroplus-shere2/Downloads/news_sns/ios-app/LocationNewsSNS/Models/PostRequests.swift (in target 'LocationNewsSNS' from project 'LocationNewsSNS')
    cd /Users/zeroplus-shere2/Downloads/news_sns/ios-app
    

SwiftCompile normal arm64 Compiling\ AppConfiguration.swift,\ Dependencies.swift,\ SupabaseConfig.swift,\ Comment.swift /Users/zeroplus-shere2/Downloads/news_sns/ios-app/LocationNewsSNS/Configuration/AppConfiguration.swift /Users/zeroplus-shere2/Downloads/news_sns/ios-app/LocationNewsSNS/Configuration/Dependencies.swift /Users/zeroplus-shere2/Downloads/news_sns/ios-app/LocationNewsSNS/Configuration/SupabaseConfig.swift /Users/zeroplus-shere2/Downloads/news_sns/ios-app/LocationNewsSNS/Models/Comment.swift (in target 'LocationNewsSNS' from project 'LocationNewsSNS')

SwiftCompile normal arm64 /Users/zeroplus-shere2/Downloads/news_sns/ios-app/LocationNewsSNS/Configuration/AppConfiguration.swift (in target 'LocationNewsSNS' from project 'LocationNewsSNS')
    cd /Users/zeroplus-shere2/Downloads/news_sns/ios-app
    

SwiftCompile normal arm64 /Users/zeroplus-shere2/Downloads/news_sns/ios-app/LocationNewsSNS/Configuration/Dependencies.swift (in target 'LocationNewsSNS' from project 'LocationNewsSNS')
    cd /Users/zeroplus-shere2/Downloads/news_sns/ios-app
    

SwiftCompile normal arm64 /Users/zeroplus-shere2/Downloads/news_sns/ios-app/LocationNewsSNS/Configuration/SupabaseConfig.swift (in target 'LocationNewsSNS' from project 'LocationNewsSNS')
    cd /Users/zeroplus-shere2/Downloads/news_sns/ios-app
    

SwiftCompile normal arm64 /Users/zeroplus-shere2/Downloads/news_sns/ios-app/LocationNewsSNS/Models/Comment.swift (in target 'LocationNewsSNS' from project 'LocationNewsSNS')
    cd /Users/zeroplus-shere2/Downloads/news_sns/ios-app
    

SwiftCompile normal arm64 Compiling\ PostUseCase.swift,\ EmergencyLocationView.swift,\ MapView.swift /Users/zeroplus-shere2/Downloads/news_sns/ios-app/LocationNewsSNS/UseCases/PostUseCase.swift /Users/zeroplus-shere2/Downloads/news_sns/ios-app/LocationNewsSNS/Views/Maps/EmergencyLocationView.swift /Users/zeroplus-shere2/Downloads/news_sns/ios-app/LocationNewsSNS/Views/Maps/MapView.swift (in target 'LocationNewsSNS' from project 'LocationNewsSNS')

SwiftCompile normal arm64 /Users/zeroplus-shere2/Downloads/news_sns/ios-app/LocationNewsSNS/UseCases/PostUseCase.swift (in target 'LocationNewsSNS' from project 'LocationNewsSNS')
    cd /Users/zeroplus-shere2/Downloads/news_sns/ios-app
    

SwiftCompile normal arm64 /Users/zeroplus-shere2/Downloads/news_sns/ios-app/LocationNewsSNS/Views/Maps/EmergencyLocationView.swift (in target 'LocationNewsSNS' from project 'LocationNewsSNS')
    cd /Users/zeroplus-shere2/Downloads/news_sns/ios-app
    

SwiftCompile normal arm64 /Users/zeroplus-shere2/Downloads/news_sns/ios-app/LocationNewsSNS/Views/Maps/MapView.swift (in target 'LocationNewsSNS' from project 'LocationNewsSNS')
    cd /Users/zeroplus-shere2/Downloads/news_sns/ios-app
    

SwiftCompile normal arm64 Compiling\ LocationService.swift,\ LocationTrackingService.swift,\ PostService.swift /Users/zeroplus-shere2/Downloads/news_sns/ios-app/LocationNewsSNS/Services/LocationService.swift /Users/zeroplus-shere2/Downloads/news_sns/ios-app/LocationNewsSNS/Services/LocationTrackingService.swift /Users/zeroplus-shere2/Downloads/news_sns/ios-app/LocationNewsSNS/Services/PostService.swift (in target 'LocationNewsSNS' from project 'LocationNewsSNS')

SwiftCompile normal arm64 /Users/zeroplus-shere2/Downloads/news_sns/ios-app/LocationNewsSNS/Services/LocationService.swift (in target 'LocationNewsSNS' from project 'LocationNewsSNS')
    cd /Users/zeroplus-shere2/Downloads/news_sns/ios-app
    

SwiftCompile normal arm64 /Users/zeroplus-shere2/Downloads/news_sns/ios-app/LocationNewsSNS/Services/LocationTrackingService.swift (in target 'LocationNewsSNS' from project 'LocationNewsSNS')
    cd /Users/zeroplus-shere2/Downloads/news_sns/ios-app
    

SwiftCompile normal arm64 /Users/zeroplus-shere2/Downloads/news_sns/ios-app/LocationNewsSNS/Services/PostService.swift (in target 'LocationNewsSNS' from project 'LocationNewsSNS')
    cd /Users/zeroplus-shere2/Downloads/news_sns/ios-app
    

SwiftCompile normal arm64 Compiling\ PostMapAnnotationView.swift,\ MediaPickerView.swift,\ LocationPickerView.swift /Users/zeroplus-shere2/Downloads/news_sns/ios-app/LocationNewsSNS/Views/Maps/PostMapAnnotationView.swift /Users/zeroplus-shere2/Downloads/news_sns/ios-app/LocationNewsSNS/Views/Media/MediaPickerView.swift /Users/zeroplus-shere2/Downloads/news_sns/ios-app/LocationNewsSNS/Views/Posts/LocationPickerView.swift (in target 'LocationNewsSNS' from project 'LocationNewsSNS')

SwiftCompile normal arm64 /Users/zeroplus-shere2/Downloads/news_sns/ios-app/LocationNewsSNS/Views/Maps/PostMapAnnotationView.swift (in target 'LocationNewsSNS' from project 'LocationNewsSNS')
    cd /Users/zeroplus-shere2/Downloads/news_sns/ios-app
    

SwiftCompile normal arm64 /Users/zeroplus-shere2/Downloads/news_sns/ios-app/LocationNewsSNS/Views/Media/MediaPickerView.swift (in target 'LocationNewsSNS' from project 'LocationNewsSNS')
    cd /Users/zeroplus-shere2/Downloads/news_sns/ios-app
    

SwiftCompile normal arm64 /Users/zeroplus-shere2/Downloads/news_sns/ios-app/LocationNewsSNS/Views/Posts/LocationPickerView.swift (in target 'LocationNewsSNS' from project 'LocationNewsSNS')
    cd /Users/zeroplus-shere2/Downloads/news_sns/ios-app
    

SwiftCompile normal arm64 Compiling\ User.swift,\ EmergencyRepository.swift,\ PostRepository.swift,\ SocialRepository.swift /Users/zeroplus-shere2/Downloads/news_sns/ios-app/LocationNewsSNS/Models/User.swift /Users/zeroplus-shere2/Downloads/news_sns/ios-app/LocationNewsSNS/Repositories/EmergencyRepository.swift /Users/zeroplus-shere2/Downloads/news_sns/ios-app/LocationNewsSNS/Repositories/PostRepository.swift /Users/zeroplus-shere2/Downloads/news_sns/ios-app/LocationNewsSNS/Repositories/SocialRepository.swift (in target 'LocationNewsSNS' from project 'LocationNewsSNS')

SwiftCompile normal arm64 /Users/zeroplus-shere2/Downloads/news_sns/ios-app/LocationNewsSNS/Models/User.swift (in target 'LocationNewsSNS' from project 'LocationNewsSNS')
    cd /Users/zeroplus-shere2/Downloads/news_sns/ios-app
    

SwiftCompile normal arm64 /Users/zeroplus-shere2/Downloads/news_sns/ios-app/LocationNewsSNS/Repositories/EmergencyRepository.swift (in target 'LocationNewsSNS' from project 'LocationNewsSNS')
    cd /Users/zeroplus-shere2/Downloads/news_sns/ios-app
    

SwiftCompile normal arm64 /Users/zeroplus-shere2/Downloads/news_sns/ios-app/LocationNewsSNS/Repositories/PostRepository.swift (in target 'LocationNewsSNS' from project 'LocationNewsSNS')
    cd /Users/zeroplus-shere2/Downloads/news_sns/ios-app
    

SwiftCompile normal arm64 /Users/zeroplus-shere2/Downloads/news_sns/ios-app/LocationNewsSNS/Repositories/SocialRepository.swift (in target 'LocationNewsSNS' from project 'LocationNewsSNS')
    cd /Users/zeroplus-shere2/Downloads/news_sns/ios-app
    

SwiftCompile normal arm64 Compiling\ UserRepository.swift,\ ImagePickerService.swift,\ MediaProcessingService.swift,\ MediaUploadService.swift /Users/zeroplus-shere2/Downloads/news_sns/ios-app/LocationNewsSNS/Repositories/UserRepository.swift /Users/zeroplus-shere2/Downloads/news_sns/ios-app/LocationNewsSNS/Services/Media/ImagePickerService.swift /Users/zeroplus-shere2/Downloads/news_sns/ios-app/LocationNewsSNS/Services/Media/MediaProcessingService.swift /Users/zeroplus-shere2/Downloads/news_sns/ios-app/LocationNewsSNS/Services/Media/MediaUploadService.swift (in target 'LocationNewsSNS' from project 'LocationNewsSNS')
SwiftCompile normal arm64 /Users/zeroplus-shere2/Downloads/news_sns/ios-app/LocationNewsSNS/Repositories/UserRepository.swift (in target 'LocationNewsSNS' from project 'LocationNewsSNS')
    cd /Users/zeroplus-shere2/Downloads/news_sns/ios-app
    

SwiftCompile normal arm64 /Users/zeroplus-shere2/Downloads/news_sns/ios-app/LocationNewsSNS/Services/Media/ImagePickerService.swift (in target 'LocationNewsSNS' from project 'LocationNewsSNS')
    cd /Users/zeroplus-shere2/Downloads/news_sns/ios-app
    

SwiftCompile normal arm64 /Users/zeroplus-shere2/Downloads/news_sns/ios-app/LocationNewsSNS/Services/Media/MediaProcessingService.swift (in target 'LocationNewsSNS' from project 'LocationNewsSNS')
    cd /Users/zeroplus-shere2/Downloads/news_sns/ios-app
    

SwiftCompile normal arm64 /Users/zeroplus-shere2/Downloads/news_sns/ios-app/LocationNewsSNS/Services/Media/MediaUploadService.swift (in target 'LocationNewsSNS' from project 'LocationNewsSNS')
    cd /Users/zeroplus-shere2/Downloads/news_sns/ios-app
    

SwiftCompile normal arm64 Compiling\ SocialService.swift,\ CoreDataModels.swift,\ LocalStorageManager.swift /Users/zeroplus-shere2/Downloads/news_sns/ios-app/LocationNewsSNS/Services/SocialService.swift /Users/zeroplus-shere2/Downloads/news_sns/ios-app/LocationNewsSNS/Storage/CoreDataModels.swift /Users/zeroplus-shere2/Downloads/news_sns/ios-app/LocationNewsSNS/Storage/LocalStorageManager.swift (in target 'LocationNewsSNS' from project 'LocationNewsSNS')

SwiftCompile normal arm64 /Users/zeroplus-shere2/Downloads/news_sns/ios-app/LocationNewsSNS/Services/SocialService.swift (in target 'LocationNewsSNS' from project 'LocationNewsSNS')
    cd /Users/zeroplus-shere2/Downloads/news_sns/ios-app
    

SwiftCompile normal arm64 /Users/zeroplus-shere2/Downloads/news_sns/ios-app/LocationNewsSNS/Storage/CoreDataModels.swift (in target 'LocationNewsSNS' from project 'LocationNewsSNS')
    cd /Users/zeroplus-shere2/Downloads/news_sns/ios-app
    

SwiftCompile normal arm64 /Users/zeroplus-shere2/Downloads/news_sns/ios-app/LocationNewsSNS/Storage/LocalStorageManager.swift (in target 'LocationNewsSNS' from project 'LocationNewsSNS')
    cd /Users/zeroplus-shere2/Downloads/news_sns/ios-app
    

SwiftEmitModule normal arm64 Emitting\ module\ for\ LocationNewsSNS (in target 'LocationNewsSNS' from project 'LocationNewsSNS')

EmitSwiftModule normal arm64 (in target 'LocationNewsSNS' from project 'LocationNewsSNS')
    cd /Users/zeroplus-shere2/Downloads/news_sns/ios-app
    

SwiftCompile normal arm64 Compiling\ MediaAttachmentView.swift,\ PostCreationView.swift,\ PostEditView.swift /Users/zeroplus-shere2/Downloads/news_sns/ios-app/LocationNewsSNS/Views/Posts/MediaAttachmentView.swift /Users/zeroplus-shere2/Downloads/news_sns/ios-app/LocationNewsSNS/Views/Posts/PostCreationView.swift /Users/zeroplus-shere2/Downloads/news_sns/ios-app/LocationNewsSNS/Views/Posts/PostEditView.swift (in target 'LocationNewsSNS' from project 'LocationNewsSNS')

SwiftCompile normal arm64 /Users/zeroplus-shere2/Downloads/news_sns/ios-app/LocationNewsSNS/Views/Posts/MediaAttachmentView.swift (in target 'LocationNewsSNS' from project 'LocationNewsSNS')
    cd /Users/zeroplus-shere2/Downloads/news_sns/ios-app
    

SwiftCompile normal arm64 /Users/zeroplus-shere2/Downloads/news_sns/ios-app/LocationNewsSNS/Views/Posts/PostCreationView.swift (in target 'LocationNewsSNS' from project 'LocationNewsSNS')
    cd /Users/zeroplus-shere2/Downloads/news_sns/ios-app
    

SwiftCompile normal arm64 /Users/zeroplus-shere2/Downloads/news_sns/ios-app/LocationNewsSNS/Views/Posts/PostEditView.swift (in target 'LocationNewsSNS' from project 'LocationNewsSNS')
    cd /Users/zeroplus-shere2/Downloads/news_sns/ios-app
    

SwiftCompile normal arm64 Compiling\ ContentView.swift,\ LocationNewsSNSApp.swift,\ GeneratedAssetSymbols.swift /Users/zeroplus-shere2/Downloads/news_sns/ios-app/LocationNewsSNS/ContentView.swift /Users/zeroplus-shere2/Downloads/news_sns/ios-app/LocationNewsSNS/LocationNewsSNSApp.swift /Users/zeroplus-shere2/Library/Developer/Xcode/DerivedData/LocationNewsSNS-ggiiobdbwwecagggalqenznxlikf/Build/Intermediates.noindex/LocationNewsSNS.build/Debug-iphonesimulator/LocationNewsSNS.build/DerivedSources/GeneratedAssetSymbols.swift (in target 'LocationNewsSNS' from project 'LocationNewsSNS')
Failed frontend command:
/Applications/Xcode.app/Contents/Developer/Toolchains/XcodeDefault.xctoolchain/usr/bin/swift-frontend -frontend -c /Users/zeroplus-shere2/Downloads/news_sns/ios-app/LocationNewsSNS/Configuration/AppConfiguration.swift /Users/zeroplus-shere2/Downloads/news_sns/ios-app/LocationNewsSNS/Configuration/Dependencies.swift /Users/zeroplus-shere2/Downloads/news_sns/ios-app/LocationNewsSNS/Configuration/SupabaseConfig.swift /Users/zeroplus-shere2/Downloads/news_sns/ios-app/LocationNewsSNS/Models/Comment.swift /Users/zeroplus-shere2/Downloads/news_sns/ios-app/LocationNewsSNS/Models/EmergencyEvent.swift /Users/zeroplus-shere2/Downloads/news_sns/ios-app/LocationNewsSNS/Models/MapAnnotations.swift /Users/zeroplus-shere2/Downloads/news_sns/ios-app/LocationNewsSNS/Models/Post.swift /Users/zeroplus-shere2/Downloads/news_sns/ios-app/LocationNewsSNS/Models/PostRequests.swift /Users/zeroplus-shere2/Downloads/news_sns/ios-app/LocationNewsSNS/Models/User.swift /Users/zeroplus-shere2/Downloads/news_sns/ios-app/LocationNewsSNS/Repositories/EmergencyRepository.swift /Users/zeroplus-shere2/Downloads/news_sns/ios-app/LocationNewsSNS/Repositories/PostRepository.swift /Users/zeroplus-shere2/Downloads/news_sns/ios-app/LocationNewsSNS/Repositories/SocialRepository.swift /Users/zeroplus-shere2/Downloads/news_sns/ios-app/LocationNewsSNS/Repositories/UserRepository.swift /Users/zeroplus-shere2/Downloads/news_sns/ios-app/LocationNewsSNS/Services/Media/ImagePickerService.swift /Users/zeroplus-shere2/Downloads/news_sns/ios-app/LocationNewsSNS/Services/Media/MediaProcessingService.swift /Users/zeroplus-shere2/Downloads/news_sns/ios-app/LocationNewsSNS/Services/Media/MediaUploadService.swift /Users/zeroplus-shere2/Downloads/news_sns/ios-app/LocationNewsSNS/Services/Notifications/EmergencyNotificationService.swift /Users/zeroplus-shere2/Downloads/news_sns/ios-app/LocationNewsSNS/Services/Notifications/NotificationManager.swift /Users/zeroplus-shere2/Downloads/news_sns/ios-app/LocationNewsSNS/Services/Notifications/PushNotificationService.swift /Users/zeroplus-shere2/Downloads/news_sns/ios-app/LocationNewsSNS/Services/Realtime/RealtimeLocationManager.swift /Users/zeroplus-shere2/Downloads/news_sns/ios-app/LocationNewsSNS/Services/Realtime/RealtimePostManager.swift /Users/zeroplus-shere2/Downloads/news_sns/ios-app/LocationNewsSNS/Services/Realtime/RealtimeService.swift /Users/zeroplus-shere2/Downloads/news_sns/ios-app/LocationNewsSNS/Services/AuthService.swift /Users/zeroplus-shere2/Downloads/news_sns/ios-app/LocationNewsSNS/Services/CommentService.swift /Users/zeroplus-shere2/Downloads/news_sns/ios-app/LocationNewsSNS/Services/LocationPrivacyService.swift /Users/zeroplus-shere2/Downloads/news_sns/ios-app/LocationNewsSNS/Services/LocationService.swift /Users/zeroplus-shere2/Downloads/news_sns/ios-app/LocationNewsSNS/Services/LocationTrackingService.swift /Users/zeroplus-shere2/Downloads/news_sns/ios-app/LocationNewsSNS/Services/PostService.swift /Users/zeroplus-shere2/Downloads/news_sns/ios-app/LocationNewsSNS/Services/SocialService.swift /Users/zeroplus-shere2/Downloads/news_sns/ios-app/LocationNewsSNS/Storage/CoreDataModels.swift /Users/zeroplus-shere2/Downloads/news_sns/ios-app/LocationNewsSNS/Storage/LocalStorageManager.swift /Users/zeroplus-shere2/Downloads/news_sns/ios-app/LocationNewsSNS/UseCases/AuthUseCase.swift /Users/zeroplus-shere2/Downloads/news_sns/ios-app/LocationNewsSNS/UseCases/EmergencyUseCase.swift /Users/zeroplus-shere2/Downloads/news_sns/ios-app/LocationNewsSNS/UseCases/MapUseCase.swift /Users/zeroplus-shere2/Downloads/news_sns/ios-app/LocationNewsSNS/UseCases/PostUseCase.swift /Users/zeroplus-shere2/Downloads/news_sns/ios-app/LocationNewsSNS/Views/Maps/EmergencyLocationView.swift /Users/zeroplus-shere2/Downloads/news_sns/ios-app/LocationNewsSNS/Views/Maps/MapView.swift /Users/zeroplus-shere2/Downloads/news_sns/ios-app/LocationNewsSNS/Views/Maps/PostMapAnnotationView.swift /Users/zeroplus-shere2/Downloads/news_sns/ios-app/LocationNewsSNS/Views/Media/MediaPickerView.swift /Users/zeroplus-shere2/Downloads/news_sns/ios-app/LocationNewsSNS/Views/Posts/LocationPickerView.swift /Users/zeroplus-shere2/Downloads/news_sns/ios-app/LocationNewsSNS/Views/Posts/MediaAttachmentView.swift /Users/zeroplus-shere2/Downloads/news_sns/ios-app/LocationNewsSNS/Views/Posts/PostCreationView.swift /Users/zeroplus-shere2/Downloads/news_sns/ios-app/LocationNewsSNS/Views/Posts/PostEditView.swift /Users/zeroplus-shere2/Downloads/news_sns/ios-app/LocationNewsSNS/Views/Posts/PostPreviewView.swift /Users/zeroplus-shere2/Downloads/news_sns/ios-app/LocationNewsSNS/Views/Settings/NotificationSettingsView.swift /Users/zeroplus-shere2/Downloads/news_sns/ios-app/LocationNewsSNS/Views/Social/CommentsView.swift -primary-file /Users/zeroplus-shere2/Downloads/news_sns/ios-app/LocationNewsSNS/ContentView.swift -primary-file /Users/zeroplus-shere2/Downloads/news_sns/ios-app/LocationNewsSNS/LocationNewsSNSApp.swift -primary-file /Users/zeroplus-shere2/Library/Developer/Xcode/DerivedData/LocationNewsSNS-ggiiobdbwwecagggalqenznxlikf/Build/Intermediates.noindex/LocationNewsSNS.build/Debug-iphonesimulator/LocationNewsSNS.build/DerivedSources/GeneratedAssetSymbols.swift -supplementary-output-file-map /Users/zeroplus-shere2/Library/Developer/Xcode/DerivedData/LocationNewsSNS-ggiiobdbwwecagggalqenznxlikf/Build/Intermediates.noindex/LocationNewsSNS.build/Debug-iphonesimulator/LocationNewsSNS.build/Objects-normal/arm64/supplementaryOutputs-14 -emit-localized-strings -emit-localized-strings-path /Users/zeroplus-shere2/Library/Developer/Xcode/DerivedData/LocationNewsSNS-ggiiobdbwwecagggalqenznxlikf/Build/Intermediates.noindex/LocationNewsSNS.build/Debug-iphonesimulator/LocationNewsSNS.build/Objects-normal/arm64 -target arm64-apple-ios18.0-simulator -module-can-import-version DeveloperToolsSupport 23.0.4 23.0.4 -module-can-import-version SwiftUI 7.0.84.1 7.0.84 -module-can-import-version UIKit 9088.1.113 9088.1.113 -disable-cross-import-overlay-search -swift-module-cross-import AuthenticationServices /Applications/Xcode.app/Contents/Developer/Platforms/iPhoneSimulator.platform/Developer/SDKs/iPhoneSimulator.sdk/System/Cryptexes/OS/System/Library/Frameworks/AuthenticationServices.framework/Modules/AuthenticationServices.swiftcrossimport/SwiftUI.swiftoverlay -swift-module-cross-import AuthenticationServices /Applications/Xcode.app/Contents/Developer/Platforms/iPhoneSimulator.platform/Developer/SDKs/iPhoneSimulator26.0.sdk/System/Library/Frameworks/AuthenticationServices.framework/Modules/AuthenticationServices.swiftcrossimport/SwiftUI.swiftoverlay -swift-module-cross-import CoreData /Applications/Xcode.app/Contents/Developer/Platforms/iPhoneSimulator.platform/Developer/SDKs/iPhoneSimulator.sdk/System/Library/Frameworks/CoreData.framework/Modules/CoreData.swiftcrossimport/CloudKit.swiftoverlay -swift-module-cross-import CoreData /Applications/Xcode.app/Contents/Developer/Platforms/iPhoneSimulator.platform/Developer/SDKs/iPhoneSimulator26.0.sdk/System/Library/Frameworks/CoreData.framework/Modules/CoreData.swiftcrossimport/CloudKit.swiftoverlay -swift-module-cross-import MapKit /Applications/Xcode.app/Contents/Developer/Platforms/iPhoneSimulator.platform/Developer/SDKs/iPhoneSimulator.sdk/System/Library/Frameworks/MapKit.framework/Modules/MapKit.swiftcrossimport/SwiftUI.swiftoverlay -swift-module-cross-import PhotosUI /Applications/Xcode.app/Contents/Developer/Platforms/iPhoneSimulator.platform/Developer/SDKs/iPhoneSimulator.sdk/System/Library/Frameworks/PhotosUI.framework/Modules/PhotosUI.swiftcrossimport/SwiftUI.swiftoverlay -swift-module-cross-import PhotosUI /Applications/Xcode.app/Contents/Developer/Platforms/iPhoneSimulator.platform/Developer/SDKs/iPhoneSimulator.sdk/System/Library/Frameworks/PhotosUI.framework/Modules/PhotosUI.swiftcrossimport/WidgetKit.swiftoverlay -swift-module-cross-import PhotosUI /Applications/Xcode.app/Contents/Developer/Platforms/iPhoneSimulator.platform/Developer/SDKs/iPhoneSimulator26.0.sdk/System/Library/Frameworks/PhotosUI.framework/Modules/PhotosUI.swiftcrossimport/SwiftUI.swiftoverlay -swift-module-cross-import PhotosUI /Applications/Xcode.app/Contents/Developer/Platforms/iPhoneSimulator.platform/Developer/SDKs/iPhoneSimulator26.0.sdk/System/Library/Frameworks/PhotosUI.framework/Modules/PhotosUI.swiftcrossimport/WidgetKit.swiftoverlay -load-resolved-plugin /Applications/Xcode.app/Contents/Developer/Platforms/iPhoneOS.platform/Developer/usr/lib/swift/host/plugins/libFoundationMacros.dylib\#/Applications/Xcode.app/Contents/Developer/Platforms/iPhoneOS.platform/Developer/usr/bin/swift-plugin-server\#FoundationMacros -load-resolved-plugin /Applications/Xcode.app/Contents/Developer/Platforms/iPhoneOS.platform/Developer/usr/lib/swift/host/plugins/libObservationMacros.dylib\#/Applications/Xcode.app/Contents/Developer/Platforms/iPhoneOS.platform/Developer/usr/bin/swift-plugin-server\#ObservationMacros -load-resolved-plugin /Applications/Xcode.app/Contents/Developer/Platforms/iPhoneOS.platform/Developer/usr/lib/swift/host/plugins/libPreviewsMacros.dylib\#/Applications/Xcode.app/Contents/Developer/Platforms/iPhoneOS.platform/Developer/usr/bin/swift-plugin-server\#PreviewsMacros -load-resolved-plugin /Applications/Xcode.app/Contents/Developer/Platforms/iPhoneOS.platform/Developer/usr/lib/swift/host/plugins/libSwiftMacros.dylib\#/Applications/Xcode.app/Contents/Developer/Platforms/iPhoneOS.platform/Developer/usr/bin/swift-plugin-server\#SwiftMacros -load-resolved-plugin /Applications/Xcode.app/Contents/Developer/Platforms/iPhoneOS.platform/Developer/usr/lib/swift/host/plugins/libSwiftUIMacros.dylib\#/Applications/Xcode.app/Contents/Developer/Platforms/iPhoneOS.platform/Developer/usr/bin/swift-plugin-server\#SwiftUIMacros -disable-implicit-swift-modules -Xcc -fno-implicit-modules -Xcc -fno-implicit-module-maps -explicit-swift-module-map-file /Users/zeroplus-shere2/Library/Developer/Xcode/DerivedData/LocationNewsSNS-ggiiobdbwwecagggalqenznxlikf/Build/Intermediates.noindex/LocationNewsSNS.build/Debug-iphonesimulator/LocationNewsSNS.build/Objects-normal/arm64/LocationNewsSNS-dependencies-1.json -Xllvm -aarch64-use-tbi -enable-objc-interop -sdk /Applications/Xcode.app/Contents/Developer/Platforms/iPhoneSimulator.platform/Developer/SDKs/iPhoneSimulator26.0.sdk -I /Users/zeroplus-shere2/Library/Developer/Xcode/DerivedData/LocationNewsSNS-ggiiobdbwwecagggalqenznxlikf/Build/Products/Debug-iphonesimulator -F /Users/zeroplus-shere2/Library/Developer/Xcode/DerivedData/LocationNewsSNS-ggiiobdbwwecagggalqenznxlikf/Build/Products/Debug-iphonesimulator/PackageFrameworks -F /Users/zeroplus-shere2/Library/Developer/Xcode/DerivedData/LocationNewsSNS-ggiiobdbwwecagggalqenznxlikf/Build/Products/Debug-iphonesimulator/PackageFrameworks -F /Users/zeroplus-shere2/Library/Developer/Xcode/DerivedData/LocationNewsSNS-ggiiobdbwwecagggalqenznxlikf/Build/Products/Debug-iphonesimulator/PackageFrameworks -F /Users/zeroplus-shere2/Library/Developer/Xcode/DerivedData/LocationNewsSNS-ggiiobdbwwecagggalqenznxlikf/Build/Products/Debug-iphonesimulator/PackageFrameworks -F /Users/zeroplus-shere2/Library/Developer/Xcode/DerivedData/LocationNewsSNS-ggiiobdbwwecagggalqenznxlikf/Build/Products/Debug-iphonesimulator/PackageFrameworks -F /Users/zeroplus-shere2/Library/Developer/Xcode/DerivedData/LocationNewsSNS-ggiiobdbwwecagggalqenznxlikf/Build/Products/Debug-iphonesimulator/PackageFrameworks -F /Users/zeroplus-shere2/Library/Developer/Xcode/DerivedData/LocationNewsSNS-ggiiobdbwwecagggalqenznxlikf/Build/Products/Debug-iphonesimulator/PackageFrameworks -F /Users/zeroplus-shere2/Library/Developer/Xcode/DerivedData/LocationNewsSNS-ggiiobdbwwecagggalqenznxlikf/Build/Products/Debug-iphonesimulator/PackageFrameworks -F /Users/zeroplus-shere2/Library/Developer/Xcode/DerivedData/LocationNewsSNS-ggiiobdbwwecagggalqenznxlikf/Build/Products/Debug-iphonesimulator/PackageFrameworks -F /Users/zeroplus-shere2/Library/Developer/Xcode/DerivedData/LocationNewsSNS-ggiiobdbwwecagggalqenznxlikf/Build/Products/Debug-iphonesimulator/PackageFrameworks -F /Users/zeroplus-shere2/Library/Developer/Xcode/DerivedData/LocationNewsSNS-ggiiobdbwwecagggalqenznxlikf/Build/Products/Debug-iphonesimulator/PackageFrameworks -F /Users/zeroplus-shere2/Library/Developer/Xcode/DerivedData/LocationNewsSNS-ggiiobdbwwecagggalqenznxlikf/Build/Products/Debug-iphonesimulator/PackageFrameworks -F /Users/zeroplus-shere2/Library/Developer/Xcode/DerivedData/LocationNewsSNS-ggiiobdbwwecagggalqenznxlikf/Build/Products/Debug-iphonesimulator/PackageFrameworks -F /Users/zeroplus-shere2/Library/Developer/Xcode/DerivedData/LocationNewsSNS-ggiiobdbwwecagggalqenznxlikf/Build/Products/Debug-iphonesimulator/PackageFrameworks -F /Users/zeroplus-shere2/Library/Developer/Xcode/DerivedData/LocationNewsSNS-ggiiobdbwwecagggalqenznxlikf/Build/Products/Debug-iphonesimulator -no-color-diagnostics -Xcc -fno-color-diagnostics -enable-testing -g -debug-info-format\=dwarf -dwarf-version\=5 -module-cache-path /Users/zeroplus-shere2/Library/Developer/Xcode/DerivedData/LocationNewsSNS-ggiiobdbwwecagggalqenznxlikf/Build/Intermediates.noindex/SwiftExplicitPrecompiledModules -swift-version 5 -enforce-exclusivity\=checked -Onone -D DEBUG -serialize-debugging-options -const-gather-protocols-file /Users/zeroplus-shere2/Library/Developer/Xcode/DerivedData/LocationNewsSNS-ggiiobdbwwecagggalqenznxlikf/Build/Intermediates.noindex/LocationNewsSNS.build/Debug-iphonesimulator/LocationNewsSNS.build/Objects-normal/arm64/LocationNewsSNS_const_extract_protocols.json -enable-upcoming-feature DisableOutwardActorInference -enable-upcoming-feature InferSendableFromCaptures -enable-upcoming-feature GlobalActorIsolatedTypesUsability -enable-upcoming-feature MemberImportVisibility -enable-upcoming-feature InferIsolatedConformances -enable-upcoming-feature NonisolatedNonsendingByDefault -enable-experimental-feature DebugDescriptionMacro -enable-bare-slash-regex -default-isolation\=MainActor -empty-abi-descriptor -validate-clang-modules-once -clang-build-session-file /Users/zeroplus-shere2/Library/Developer/Xcode/DerivedData/ModuleCache.noindex/Session.modulevalidation -Xcc -working-directory -Xcc /Users/zeroplus-shere2/Downloads/news_sns/ios-app -enable-anonymous-context-mangled-names -file-compilation-dir /Users/zeroplus-shere2/Downloads/news_sns/ios-app -Xcc -D_LIBCPP_HARDENING_MODE\=_LIBCPP_HARDENING_MODE_DEBUG -Xcc -ivfsstatcache -Xcc /Users/zeroplus-shere2/Library/Developer/Xcode/DerivedData/SDKStatCaches.noindex/iphonesimulator26.0-23A339-26257891a6c027eb51374368541b8346.sdkstatcache -Xcc -I/Users/zeroplus-shere2/Library/Developer/Xcode/DerivedData/LocationNewsSNS-ggiiobdbwwecagggalqenznxlikf/Build/Intermediates.noindex/LocationNewsSNS.build/Debug-iphonesimulator/LocationNewsSNS.build/swift-overrides.hmap -Xcc -iquote -Xcc /Users/zeroplus-shere2/Library/Developer/Xcode/DerivedData/LocationNewsSNS-ggiiobdbwwecagggalqenznxlikf/Build/Intermediates.noindex/LocationNewsSNS.build/Debug-iphonesimulator/LocationNewsSNS.build/LocationNewsSNS-generated-files.hmap -Xcc -I/Users/zeroplus-shere2/Library/Developer/Xcode/DerivedData/LocationNewsSNS-ggiiobdbwwecagggalqenznxlikf/Build/Intermediates.noindex/LocationNewsSNS.build/Debug-iphonesimulator/LocationNewsSNS.build/LocationNewsSNS-own-target-headers.hmap -Xcc -I/Users/zeroplus-shere2/Library/Developer/Xcode/DerivedData/LocationNewsSNS-ggiiobdbwwecagggalqenznxlikf/Build/Intermediates.noindex/LocationNewsSNS.build/Debug-iphonesimulator/LocationNewsSNS.build/LocationNewsSNS-all-non-framework-target-headers.hmap -Xcc -ivfsoverlay -Xcc /Users/zeroplus-shere2/Library/Developer/Xcode/DerivedData/LocationNewsSNS-ggiiobdbwwecagggalqenznxlikf/Build/Intermediates.noindex/LocationNewsSNS.build/Debug-iphonesimulator/LocationNewsSNS-b018e1ebc1c11a3f8d2e78725c21baa3-VFS-iphonesimulator/all-product-headers.yaml -Xcc -iquote -Xcc /Users/zeroplus-shere2/Library/Developer/Xcode/DerivedData/LocationNewsSNS-ggiiobdbwwecagggalqenznxlikf/Build/Intermediates.noindex/LocationNewsSNS.build/Debug-iphonesimulator/LocationNewsSNS.build/LocationNewsSNS-project-headers.hmap -Xcc -I/Users/zeroplus-shere2/Library/Developer/Xcode/DerivedData/LocationNewsSNS-ggiiobdbwwecagggalqenznxlikf/Build/Products/Debug-iphonesimulator/include -Xcc -I/Users/zeroplus-shere2/Library/Developer/Xcode/DerivedData/LocationNewsSNS-ggiiobdbwwecagggalqenznxlikf/Build/Intermediates.noindex/LocationNewsSNS.build/Debug-iphonesimulator/LocationNewsSNS.build/DerivedSources-normal/arm64 -Xcc -I/Users/zeroplus-shere2/Library/Developer/Xcode/DerivedData/LocationNewsSNS-ggiiobdbwwecagggalqenznxlikf/Build/Intermediates.noindex/LocationNewsSNS.build/Debug-iphonesimulator/LocationNewsSNS.build/DerivedSources/arm64 -Xcc -I/Users/zeroplus-shere2/Library/Developer/Xcode/DerivedData/LocationNewsSNS-ggiiobdbwwecagggalqenznxlikf/Build/Intermediates.noindex/LocationNewsSNS.build/Debug-iphonesimulator/LocationNewsSNS.build/DerivedSources -Xcc -DDEBUG\=1 -no-auto-bridging-header-chaining -module-name LocationNewsSNS -frontend-parseable-output -disable-clang-spi -target-sdk-version 26.0 -target-sdk-name iphonesimulator26.0 -clang-target arm64-apple-ios26.0-simulator -in-process-plugin-server-path /Applications/Xcode.app/Contents/Developer/Toolchains/XcodeDefault.xctoolchain/usr/lib/swift/host/libSwiftInProcPluginServer.dylib -o /Users/zeroplus-shere2/Library/Developer/Xcode/DerivedData/LocationNewsSNS-ggiiobdbwwecagggalqenznxlikf/Build/Intermediates.noindex/LocationNewsSNS.build/Debug-iphonesimulator/LocationNewsSNS.build/Objects-normal/arm64/ContentView.o -o /Users/zeroplus-shere2/Library/Developer/Xcode/DerivedData/LocationNewsSNS-ggiiobdbwwecagggalqenznxlikf/Build/Intermediates.noindex/LocationNewsSNS.build/Debug-iphonesimulator/LocationNewsSNS.build/Objects-normal/arm64/LocationNewsSNSApp.o -o /Users/zeroplus-shere2/Library/Developer/Xcode/DerivedData/LocationNewsSNS-ggiiobdbwwecagggalqenznxlikf/Build/Intermediates.noindex/LocationNewsSNS.build/Debug-iphonesimulator/LocationNewsSNS.build/Objects-normal/arm64/GeneratedAssetSymbols.o -index-unit-output-path /LocationNewsSNS.build/Debug-iphonesimulator/LocationNewsSNS.build/Objects-normal/arm64/ContentView.o -index-unit-output-path /LocationNewsSNS.build/Debug-iphonesimulator/LocationNewsSNS.build/Objects-normal/arm64/LocationNewsSNSApp.o -index-unit-output-path /LocationNewsSNS.build/Debug-iphonesimulator/LocationNewsSNS.build/Objects-normal/arm64/GeneratedAssetSymbols.o -index-store-path /Users/zeroplus-shere2/Library/Developer/Xcode/DerivedData/LocationNewsSNS-ggiiobdbwwecagggalqenznxlikf/Index.noindex/DataStore -index-system-modules

SwiftCompile normal arm64 /Users/zeroplus-shere2/Downloads/news_sns/ios-app/LocationNewsSNS/ContentView.swift (in target 'LocationNewsSNS' from project 'LocationNewsSNS')
    cd /Users/zeroplus-shere2/Downloads/news_sns/ios-app
    
/Users/zeroplus-shere2/Downloads/news_sns/ios-app/LocationNewsSNS/Views/Media/MediaPickerView.swift:539:5: error: 'MediaPickerView' initializer is inaccessible due to 'private' protection level
    MediaPickerView { _ in }
    ^
/Users/zeroplus-shere2/Downloads/news_sns/ios-app/LocationNewsSNS/Views/Media/MediaPickerView.swift:7:8: note: 'init(imagePickerService:mediaProcessingService:dismiss:onSelection:)' declared here
struct MediaPickerView: View {
       ^
/Users/zeroplus-shere2/Downloads/news_sns/ios-app/LocationNewsSNS/Views/Media/MediaPickerView.swift:539:29: error: missing argument for parameter 'dismiss' in call
    MediaPickerView { _ in }
                            ^
/Users/zeroplus-shere2/Downloads/news_sns/ios-app/LocationNewsSNS/Views/Media/MediaPickerView.swift:7:8: note: 'init(imagePickerService:mediaProcessingService:dismiss:onSelection:)' declared here
struct MediaPickerView: View {
       ^
/Users/zeroplus-shere2/Downloads/news_sns/ios-app/LocationNewsSNS/Views/Posts/LocationPickerView.swift:10:33: error: type annotation missing in pattern
    @Environment(\.dismiss) var dismiss
                                ^
/Users/zeroplus-shere2/Downloads/news_sns/ios-app/LocationNewsSNS/Views/Posts/LocationPickerView.swift:464:28: error: cannot infer contextual base in reference to member 'constant'
        selectedLocation: .constant(CLLocationCoordinate2D(latitude: 35.6762, longitude: 139.6503)),
                          ~^~~~~~~~
/Users/zeroplus-shere2/Downloads/news_sns/ios-app/LocationNewsSNS/Views/Posts/LocationPickerView.swift:465:24: error: cannot infer contextual base in reference to member 'constant'
        locationName: .constant("東京駅")
/Users/zeroplus-shere2/Downloads/news_sns/ios-app/LocationNewsSNS/Views/Posts/PostCreationView.swift:556:5: error: 'PostCreationView' initializer is inaccessible due to 'private' protection level
    PostCreationView()
    ^
/Users/zeroplus-shere2/Downloads/news_sns/ios-app/LocationNewsSNS/Views/Posts/PostCreationView.swift:7:8: note: 'init(dismiss:postService:authService:locationService:mediaUploadService:)' declared here
struct PostCreationView: View {
       ^
/Users/zeroplus-shere2/Downloads/news_sns/ios-app/LocationNewsSNS/Views/Posts/PostCreationView.swift:556:22: error: missing argument for parameter 'dismiss' in call
    PostCreationView()
                     ^
                     dismiss: <#DismissAction#>
/Users/zeroplus-shere2/Downloads/news_sns/ios-app/LocationNewsSNS/Views/Posts/PostCreationView.swift:7:8: note: 'init(dismiss:postService:authService:locationService:mediaUploadService:)' declared here
struct PostCreationView: View {
       ^
/Users/zeroplus-shere2/Downloads/news_sns/ios-app/LocationNewsSNS/Views/Posts/PostPreviewView.swift:16:41: error: type annotation missing in pattern
    @Environment(\.dismiss) private var dismiss
                                        ^
/Users/zeroplus-shere2/Downloads/news_sns/ios-app/LocationNewsSNS/Views/Posts/PostPreviewView.swift:488:26: error: cannot infer contextual base in reference to member 'medium'
        emergencyLevel: .medium,
                        ~^~~~~~
/Users/zeroplus-shere2/Downloads/news_sns/ios-app/LocationNewsSNS/Views/Posts/PostPreviewView.swift:489:22: error: cannot infer contextual base in reference to member 'public'
        visibility: .public,
                    ~^~~~~~
/Users/zeroplus-shere2/Downloads/news_sns/ios-app/LocationNewsSNS/ContentView.swift:15:21: warning: 'init(coordinateRegion:interactionModes:showsUserLocation:userTrackingMode:)' was deprecated in iOS 17.0: Use Map initializers that take a MapContentBuilder instead.
                    Map(coordinateRegion: $region)
                    ^

SwiftCompile normal arm64 /Users/zeroplus-shere2/Downloads/news_sns/ios-app/LocationNewsSNS/LocationNewsSNSApp.swift (in target 'LocationNewsSNS' from project 'LocationNewsSNS')
    cd /Users/zeroplus-shere2/Downloads/news_sns/ios-app
    

SwiftCompile normal arm64 /Users/zeroplus-shere2/Library/Developer/Xcode/DerivedData/LocationNewsSNS-ggiiobdbwwecagggalqenznxlikf/Build/Intermediates.noindex/LocationNewsSNS.build/Debug-iphonesimulator/LocationNewsSNS.build/DerivedSources/GeneratedAssetSymbols.swift (in target 'LocationNewsSNS' from project 'LocationNewsSNS')
    cd /Users/zeroplus-shere2/Downloads/news_sns/ios-app
    

SwiftCompile normal arm64 Compiling\ PostPreviewView.swift,\ NotificationSettingsView.swift,\ CommentsView.swift /Users/zeroplus-shere2/Downloads/news_sns/ios-app/LocationNewsSNS/Views/Posts/PostPreviewView.swift /Users/zeroplus-shere2/Downloads/news_sns/ios-app/LocationNewsSNS/Views/Settings/NotificationSettingsView.swift /Users/zeroplus-shere2/Downloads/news_sns/ios-app/LocationNewsSNS/Views/Social/CommentsView.swift (in target 'LocationNewsSNS' from project 'LocationNewsSNS')

** BUILD FAILED **


The following build commands failed:
	SwiftCompile normal arm64 Compiling\ ContentView.swift,\ LocationNewsSNSApp.swift,\ GeneratedAssetSymbols.swift /Users/zeroplus-shere2/Downloads/news_sns/ios-app/LocationNewsSNS/ContentView.swift /Users/zeroplus-shere2/Downloads/news_sns/ios-app/LocationNewsSNS/LocationNewsSNSApp.swift /Users/zeroplus-shere2/Library/Developer/Xcode/DerivedData/LocationNewsSNS-ggiiobdbwwecagggalqenznxlikf/Build/Intermediates.noindex/LocationNewsSNS.build/Debug-iphonesimulator/LocationNewsSNS.build/DerivedSources/GeneratedAssetSymbols.swift (in target 'LocationNewsSNS' from project 'LocationNewsSNS')
	SwiftCompile normal arm64 /Users/zeroplus-shere2/Downloads/news_sns/ios-app/LocationNewsSNS/ContentView.swift (in target 'LocationNewsSNS' from project 'LocationNewsSNS')
	Building project LocationNewsSNS with scheme LocationNewsSNS
(3 failures)
